<?xml version="1.0" encoding="UTF-8"?>
<!-- Generated by org.testng.reporters.JUnitReportReporter -->
<testsuite hostname="MSI" failures="0" tests="1" name="TestingAPI.TestingAPI.Get" time="3.646" errors="0" timestamp="24 Oct 2020 15:36:18 GMT">
  <testcase classname="TestingAPI.TestingAPI.Get" name="getApi" time="3.646"/>
</testsuite> <!-- TestingAPI.TestingAPI.Get -->
