<?xml version="1.0" encoding="UTF-8"?>
<!-- Generated by org.testng.reporters.JUnitReportReporter -->
<testsuite hostname="MSI" failures="0" tests="1" name="TestingAPI.TestingAPI.Post" time="0.015" errors="0" timestamp="24 Oct 2020 15:32:40 GMT">
  <testcase classname="TestingAPI.TestingAPI.Post" name="postApi" time="0.015"/>
</testsuite> <!-- TestingAPI.TestingAPI.Post -->
